# JRE version: OpenJDK Runtime Environment GraalVM CE 24.0.2+11.1 (24.0.2+11) (build 24.0.2+11-jvmci-b01)
# Java VM: OpenJDK 64-Bit Server VM GraalVM CE 24.0.2+11.1 (24.0.2+11-jvmci-b01, mixed mode, emulated-client, sharing, tiered, jvmci, jvmci compiler, compressed oops, compressed class ptrs, g1 gc, windows-amd64)
GC Precious Log:
 CardTable entry size: 512
 Card Set container configuration: InlinePtr #cards 4 size 8 Array Of Cards #cards 16 size 48 Howl #buckets 8 coarsen threshold 3686 Howl Bitmap #cards 512 size 80 coarsen threshold 460 Card regions per heap region 1 cards per card region 4096
 CPUs: 16 total, 16 available
 Memory: 16163M
 Large Page Support: Disabled
 NUMA Support: Disabled
 Compressed Oops: Enabled (Zero based)
 Heap Region Size: 2M
 Heap Min Capacity: 8M
 Heap Initial Capacity: 254M
 Heap Max Capacity: 4042M
 Pre-touch: Disabled
 Parallel Workers: 13
 Concurrent Workers: 3
 Concurrent Refinement Workers: 13
 Periodic GC: Disabled
Heap:
 garbage-first heap   total reserved 4139008K, committed 122880K, used 92247K [0x0000000703600000, 0x0000000800000000)
  region size 2048K, 32 young (65536K), 2 survivors (4096K)
 Metaspace       used 81425K, committed 82112K, reserved 1179648K
  class space    used 9326K, committed 9600K, reserved 1048576K
GC Heap History (20 events):
Event: 2.019 GC heap before
{Heap before GC invocations=9 (full 0):
 garbage-first heap   total reserved 4139008K, committed 61440K, used 45421K [0x0000000703600000, 0x0000000800000000)
  region size 2048K, 16 young (32768K), 3 survivors (6144K)
 Metaspace       used 28444K, committed 28864K, reserved 1114112K
  class space    used 3199K, committed 3392K, reserved 1048576K
}
Event: 2.026 GC heap after
{Heap after GC invocations=10 (full 0):
 garbage-first heap   total reserved 4139008K, committed 61440K, used 20772K [0x0000000703600000, 0x0000000800000000)
  region size 2048K, 2 young (4096K), 2 survivors (4096K)
 Metaspace       used 28444K, committed 28864K, reserved 1114112K
  class space    used 3199K, committed 3392K, reserved 1048576K
}
Event: 2.329 GC heap before
{Heap before GC invocations=10 (full 0):
 garbage-first heap   total reserved 4139008K, committed 61440K, used 43300K [0x0000000703600000, 0x0000000800000000)
  region size 2048K, 14 young (28672K), 2 survivors (4096K)
 Metaspace       used 32998K, committed 33472K, reserved 1114112K
  class space    used 3695K, committed 3904K, reserved 1048576K
}
Event: 2.332 GC heap after
{Heap after GC invocations=11 (full 0):
 garbage-first heap   total reserved 4139008K, committed 61440K, used 22488K [0x0000000703600000, 0x0000000800000000)
  region size 2048K, 2 young (4096K), 2 survivors (4096K)
 Metaspace       used 32998K, committed 33472K, reserved 1114112K
  class space    used 3695K, committed 3904K, reserved 1048576K
}
Event: 2.473 GC heap before
{Heap before GC invocations=11 (full 0):
 garbage-first heap   total reserved 4139008K, committed 61440K, used 32728K [0x0000000703600000, 0x0000000800000000)
  region size 2048K, 8 young (16384K), 2 survivors (4096K)
 Metaspace       used 35857K, committed 36288K, reserved 1114112K
  class space    used 4083K, committed 4288K, reserved 1048576K
}
Event: 2.476 GC heap after
{Heap after GC invocations=12 (full 0):
 garbage-first heap   total reserved 4139008K, committed 61440K, used 23916K [0x0000000703600000, 0x0000000800000000)
  region size 2048K, 1 young (2048K), 1 survivors (2048K)
 Metaspace       used 35857K, committed 36288K, reserved 1114112K
  class space    used 4083K, committed 4288K, reserved 1048576K
}
Event: 2.853 GC heap before
{Heap before GC invocations=13 (full 0):
 garbage-first heap   total reserved 4139008K, committed 61440K, used 50540K [0x0000000703600000, 0x0000000800000000)
  region size 2048K, 14 young (28672K), 1 survivors (2048K)
 Metaspace       used 43110K, committed 43584K, reserved 1114112K
  class space    used 4861K, committed 5056K, reserved 1048576K
}
Event: 2.856 GC heap after
{Heap after GC invocations=14 (full 0):
 garbage-first heap   total reserved 4139008K, committed 61440K, used 25453K [0x0000000703600000, 0x0000000800000000)
  region size 2048K, 2 young (4096K), 2 survivors (4096K)
 Metaspace       used 43110K, committed 43584K, reserved 1114112K
  class space    used 4861K, committed 5056K, reserved 1048576K
}
Event: 3.141 GC heap before
{Heap before GC invocations=14 (full 0):
 garbage-first heap   total reserved 4139008K, committed 61440K, used 50029K [0x0000000703600000, 0x0000000800000000)
  region size 2048K, 14 young (28672K), 2 survivors (4096K)
 Metaspace       used 49107K, committed 49600K, reserved 1114112K
  class space    used 5415K, committed 5632K, reserved 1048576K
}
Event: 3.144 GC heap after
{Heap after GC invocations=15 (full 0):
 garbage-first heap   total reserved 4139008K, committed 61440K, used 26485K [0x0000000703600000, 0x0000000800000000)
  region size 2048K, 2 young (4096K), 2 survivors (4096K)
 Metaspace       used 49107K, committed 49600K, reserved 1114112K
  class space    used 5415K, committed 5632K, reserved 1048576K
}
Event: 3.495 GC heap before
{Heap before GC invocations=15 (full 0):
 garbage-first heap   total reserved 4139008K, committed 61440K, used 51061K [0x0000000703600000, 0x0000000800000000)
  region size 2048K, 14 young (28672K), 2 survivors (4096K)
 Metaspace       used 57053K, committed 57600K, reserved 1114112K
  class space    used 6444K, committed 6656K, reserved 1048576K
}
Event: 3.498 GC heap after
{Heap after GC invocations=16 (full 0):
 garbage-first heap   total reserved 4139008K, committed 61440K, used 27821K [0x0000000703600000, 0x0000000800000000)
  region size 2048K, 2 young (4096K), 2 survivors (4096K)
 Metaspace       used 57053K, committed 57600K, reserved 1114112K
  class space    used 6444K, committed 6656K, reserved 1048576K
}
Event: 3.734 GC heap before
{Heap before GC invocations=16 (full 0):
 garbage-first heap   total reserved 4139008K, committed 61440K, used 40109K [0x0000000703600000, 0x0000000800000000)
  region size 2048K, 10 young (20480K), 2 survivors (4096K)
 Metaspace       used 60174K, committed 60736K, reserved 1114112K
  class space    used 6718K, committed 6976K, reserved 1048576K
}
Event: 3.738 GC heap after
{Heap after GC invocations=17 (full 0):
 garbage-first heap   total reserved 4139008K, committed 61440K, used 29241K [0x0000000703600000, 0x0000000800000000)
  region size 2048K, 2 young (4096K), 2 survivors (4096K)
 Metaspace       used 60174K, committed 60736K, reserved 1114112K
  class space    used 6718K, committed 6976K, reserved 1048576K
}
Event: 4.045 GC heap before
{Heap before GC invocations=18 (full 0):
 garbage-first heap   total reserved 4139008K, committed 61440K, used 49721K [0x0000000703600000, 0x0000000800000000)
  region size 2048K, 13 young (26624K), 2 survivors (4096K)
 Metaspace       used 65372K, committed 65856K, reserved 1114112K
  class space    used 7293K, committed 7488K, reserved 1048576K
}
Event: 4.047 GC heap after
{Heap after GC invocations=19 (full 0):
 garbage-first heap   total reserved 4139008K, committed 61440K, used 30560K [0x0000000703600000, 0x0000000800000000)
  region size 2048K, 2 young (4096K), 2 survivors (4096K)
 Metaspace       used 65372K, committed 65856K, reserved 1114112K
  class space    used 7293K, committed 7488K, reserved 1048576K
}
Event: 4.293 GC heap before
{Heap before GC invocations=19 (full 0):
 garbage-first heap   total reserved 4139008K, committed 61440K, used 51040K [0x0000000703600000, 0x0000000800000000)
  region size 2048K, 12 young (24576K), 2 survivors (4096K)
 Metaspace       used 68378K, committed 68992K, reserved 1114112K
  class space    used 7698K, committed 7936K, reserved 1048576K
}
Event: 4.296 GC heap after
{Heap after GC invocations=20 (full 0):
 garbage-first heap   total reserved 4139008K, committed 61440K, used 32567K [0x0000000703600000, 0x0000000800000000)
  region size 2048K, 2 young (4096K), 2 survivors (4096K)
 Metaspace       used 68378K, committed 68992K, reserved 1114112K
  class space    used 7698K, committed 7936K, reserved 1048576K
}
Event: 4.534 GC heap before
{Heap before GC invocations=20 (full 0):
 garbage-first heap   total reserved 4139008K, committed 61440K, used 53047K [0x0000000703600000, 0x0000000800000000)
  region size 2048K, 12 young (24576K), 2 survivors (4096K)
 Metaspace       used 71489K, committed 72064K, reserved 1114112K
  class space    used 8025K, committed 8256K, reserved 1048576K
}
Event: 4.537 GC heap after
{Heap after GC invocations=21 (full 0):
 garbage-first heap   total reserved 4139008K, committed 161792K, used 34903K [0x0000000703600000, 0x0000000800000000)
  region size 2048K, 2 young (4096K), 2 survivors (4096K)
 Metaspace       used 71489K, committed 72064K, reserved 1114112K
  class space    used 8025K, committed 8256K, reserved 1048576K
}

