# JRE version: OpenJDK Runtime Environment Temurin-25+36 (25.0+36) (build 25+36-LTS)
# Java VM: OpenJDK 64-Bit Server VM Temurin-25+36 (25+36-LTS, mixed mode, sharing, tiered, compressed oops, compressed class ptrs, g1 gc, windows-amd64)
GC Precious Log:
 CardTable entry size: 512
 Card Set container configuration: InlinePtr #cards 5 size 8 Array Of Cards #cards 10 size 36 Howl #buckets 4 coarsen threshold 1843 Howl Bitmap #cards 512 size 80 coarsen threshold 460 Card regions per heap region 1 cards per card region 2048
 CPUs: 4 total, 4 available
 Memory: 3965M
 Large Page Support: Disabled
 NUMA Support: Disabled
 Compressed Oops: Enabled (32-bit)
 Heap Region Size: 1M
 Heap Min Capacity: 8M
 Heap Initial Capacity: 62M
 Heap Max Capacity: 992M
 Pre-touch: Disabled
 Parallel Workers: 4
 Concurrent Workers: 1
 Concurrent Refinement Workers: 4
 Periodic GC: Disabled
Heap:
 garbage-first heap   total reserved 1015808K, committed 150528K, used 128421K [0x00000000c2000000, 0x0000000100000000)
  region size 1024K, 33 young (33792K), 5 survivors (5120K)
GC Heap Usage History (20 events):
Event: 50.685 {heap Before GC invocations=28 (full 0):
 garbage-first heap   total reserved 1015808K, committed 90112K, used 80108K [0x00000000c2000000, 0x0000000100000000)
  region size 1024K, 30 young (30720K), 4 survivors (4096K)
}
Event: 50.713 {heap After GC invocations=29 (full 0):
 garbage-first heap   total reserved 1015808K, committed 90112K, used 53036K [0x00000000c2000000, 0x0000000100000000)
  region size 1024K, 1 young (1024K), 1 survivors (1024K)
}
Event: 51.715 {heap Before GC invocations=29 (full 0):
 garbage-first heap   total reserved 1015808K, committed 90112K, used 80684K [0x00000000c2000000, 0x0000000100000000)
  region size 1024K, 28 young (28672K), 1 survivors (1024K)
}
Event: 51.728 {heap After GC invocations=30 (full 0):
 garbage-first heap   total reserved 1015808K, committed 90112K, used 55409K [0x00000000c2000000, 0x0000000100000000)
  region size 1024K, 4 young (4096K), 4 survivors (4096K)
}
Event: 52.589 {heap Before GC invocations=31 (full 0):
 garbage-first heap   total reserved 1015808K, committed 94208K, used 79985K [0x00000000c2000000, 0x0000000100000000)
  region size 1024K, 29 young (29696K), 4 survivors (4096K)
}
Event: 52.610 {heap After GC invocations=32 (full 0):
 garbage-first heap   total reserved 1015808K, committed 94208K, used 56862K [0x00000000c2000000, 0x0000000100000000)
  region size 1024K, 2 young (2048K), 2 survivors (2048K)
}
Event: 53.516 {heap Before GC invocations=32 (full 0):
 garbage-first heap   total reserved 1015808K, committed 94208K, used 84510K [0x00000000c2000000, 0x0000000100000000)
  region size 1024K, 30 young (30720K), 2 survivors (2048K)
}
Event: 53.537 {heap After GC invocations=33 (full 0):
 garbage-first heap   total reserved 1015808K, committed 113664K, used 57134K [0x00000000c2000000, 0x0000000100000000)
  region size 1024K, 3 young (3072K), 3 survivors (3072K)
}
Event: 54.605 {heap Before GC invocations=33 (full 0):
 garbage-first heap   total reserved 1015808K, committed 113664K, used 101166K [0x00000000c2000000, 0x0000000100000000)
  region size 1024K, 46 young (47104K), 3 survivors (3072K)
}
Event: 54.644 {heap After GC invocations=34 (full 0):
 garbage-first heap   total reserved 1015808K, committed 113664K, used 65465K [0x00000000c2000000, 0x0000000100000000)
  region size 1024K, 6 young (6144K), 6 survivors (6144K)
}
Event: 55.996 {heap Before GC invocations=34 (full 0):
 garbage-first heap   total reserved 1015808K, committed 113664K, used 101305K [0x00000000c2000000, 0x0000000100000000)
  region size 1024K, 41 young (41984K), 6 survivors (6144K)
}
Event: 56.030 {heap After GC invocations=35 (full 0):
 garbage-first heap   total reserved 1015808K, committed 114688K, used 72192K [0x00000000c2000000, 0x0000000100000000)
  region size 1024K, 6 young (6144K), 6 survivors (6144K)
}
Event: 57.093 {heap Before GC invocations=36 (full 0):
 garbage-first heap   total reserved 1015808K, committed 121856K, used 101888K [0x00000000c2000000, 0x0000000100000000)
  region size 1024K, 35 young (35840K), 6 survivors (6144K)
}
Event: 57.113 {heap After GC invocations=37 (full 0):
 garbage-first heap   total reserved 1015808K, committed 121856K, used 74240K [0x00000000c2000000, 0x0000000100000000)
  region size 1024K, 2 young (2048K), 2 survivors (2048K)
}
Event: 58.675 {heap Before GC invocations=37 (full 0):
 garbage-first heap   total reserved 1015808K, committed 121856K, used 109056K [0x00000000c2000000, 0x0000000100000000)
  region size 1024K, 36 young (36864K), 2 survivors (2048K)
}
Event: 58.717 {heap After GC invocations=38 (full 0):
 garbage-first heap   total reserved 1015808K, committed 122880K, used 83968K [0x00000000c2000000, 0x0000000100000000)
  region size 1024K, 5 young (5120K), 5 survivors (5120K)
}
Event: 59.080 {heap Before GC invocations=38 (full 0):
 garbage-first heap   total reserved 1015808K, committed 122880K, used 99328K [0x00000000c2000000, 0x0000000100000000)
  region size 1024K, 21 young (21504K), 5 survivors (5120K)
}
Event: 59.111 {heap After GC invocations=39 (full 0):
 garbage-first heap   total reserved 1015808K, committed 147456K, used 89088K [0x00000000c2000000, 0x0000000100000000)
  region size 1024K, 4 young (4096K), 4 survivors (4096K)
}
Event: 59.973 {heap Before GC invocations=40 (full 0):
 garbage-first heap   total reserved 1015808K, committed 150528K, used 124928K [0x00000000c2000000, 0x0000000100000000)
  region size 1024K, 38 young (38912K), 4 survivors (4096K)
}
Event: 60.005 {heap After GC invocations=41 (full 0):
 garbage-first heap   total reserved 1015808K, committed 150528K, used 100773K [0x00000000c2000000, 0x0000000100000000)
  region size 1024K, 5 young (5120K), 5 survivors (5120K)
}

